Update server running on 8081...
Update server running on 8081...
Update server running on 8081...
Update server running on 8081...
Update server running on 8081...
Update server running on 8081...
Update server running on 8081...
Update server running on 8081...
Update server running on 8081...
Update server running on 8081...
Update server running on 8081...
Update server running on 8081...
Auto update server running <a href="http://10.146.2.87:8081/update"></a>
<a href="http://10.146.2.87:8080/public/index.html">DEMO Server</a><span> deployed</span>

Hipchat post ok
Hipchat post ok
<span>Git update</span>
<span>Restarting server</span>
Appserver exited!
Hipchat post ok
<a href="http://10.146.2.87:8080/public/index.html">DEMO Server</a><span> deployed</span>

Hipchat post ok
Hipchat post ok
Hipchat post ok
<span>Auto update </span><a href="http://10.146.2.87:8081/update">server</a><span> deployed</span>
<a href="http://10.146.2.87:8080/public/index.html">DEMO Server</a><span> deployed</span>

Hipchat post ok
Hipchat post ok
<span>Restarting server</span>
Appserver exited!
<a href="http://10.146.2.87:8080/public/index.html">DEMO Server</a><span> deployed</span>

Hipchat post ok
Hipchat post ok
Hipchat post ok
<span>Auto update </span><a href="http://10.146.2.87:8081/update">server</a><span> deployed</span>
<a href="http://10.146.2.87:8080/public/index.html">DEMO Server</a><span> deployed</span>

Hipchat post ok
Hipchat post ok
<span>Auto update </span><a href="http://10.146.2.87:8081/update">server</a><span> deployed</span>
<a href="http://10.146.2.87:8080/public/index.html">DEMO Server</a><span> deployed</span>

Hipchat post ok
Hipchat post ok
<span>Restarting server</span>
Appserver exited!
<a href="http://10.146.2.87:8080/public/index.html">DEMO Server</a><span> deployed</span>

Hipchat post ok
Hipchat post ok
Hipchat post ok
<span>Restarting server</span>
events.js:182
      throw er; // Unhandled 'error' event
      ^

Error: listen EADDRINUSE :::8080
    at Object._errnoException (util.js:1021:11)
    at _exceptionWithHostPort (util.js:1043:20)
    at Server.setupListenHandle [as _listen2] (net.js:1344:14)
    at listenInCluster (net.js:1385:12)
    at Server.listen (net.js:1469:7)
    at Function.listen (/home/michael.bakker/fesjs/lme/node_modules/express/lib/application.js:618:24)
    at Object.<anonymous> (/home/michael.bakker/fesjs/lme/app.js:34:33)
    at Module._compile (module.js:624:30)
    at Object.Module._extensions..js (module.js:635:10)
    at Module.load (module.js:545:32)

Appserver exited!
Hipchat post ok
Hipchat post ok
Hipchat post ok
<span>Restarting server</span>
events.js:182
      throw er; // Unhandled 'error' event
      ^

Error: listen EADDRINUSE :::8080
    at Object._errnoException (util.js:1021:11)
    at _exceptionWithHostPort (util.js:1043:20)
    at Server.setupListenHandle [as _listen2] (net.js:1344:14)
    at listenInCluster (net.js:1385:12)
    at Server.listen (net.js:1469:7)
    at Function.listen (/home/michael.bakker/fesjs/lme/node_modules/express/lib/application.js:618:24)
    at Object.<anonymous> (/home/michael.bakker/fesjs/lme/app.js:34:33)
    at Module._compile (module.js:624:30)
    at Object.Module._extensions..js (module.js:635:10)
    at Module.load (module.js:545:32)

Appserver exited!
Hipchat post ok
Hipchat post ok
Hipchat post ok
<span>Auto update </span><a href="http://10.146.2.87:8081/update">server</a><span> deployed</span>
<a href="http://10.146.2.87:8080/public/index.html">DEMO Server</a><span> deployed</span>

Hipchat post ok
Hipchat post ok
<span>Restarting server</span>
Appserver exited!
<a href="http://10.146.2.87:8080/public/index.html">DEMO Server</a><span> deployed 3</span>

Hipchat post ok
Hipchat post ok
Hipchat post ok
<span>Restarting server</span>
events.js:182
      throw er; // Unhandled 'error' event
      ^

Error: listen EADDRINUSE :::8080
    at Object._errnoException (util.js:1021:11)
    at _exceptionWithHostPort (util.js:1043:20)
    at Server.setupListenHandle [as _listen2] (net.js:1344:14)
    at listenInCluster (net.js:1385:12)
    at Server.listen (net.js:1469:7)
    at Function.listen (/home/michael.bakker/fesjs/lme/node_modules/express/lib/application.js:618:24)
    at Object.<anonymous> (/home/michael.bakker/fesjs/lme/app.js:34:33)
    at Module._compile (module.js:624:30)
    at Object.Module._extensions..js (module.js:635:10)
    at Module.load (module.js:545:32)

Appserver exited!
Hipchat post ok
Hipchat post ok
Hipchat post ok
<span>Restarting server</span>
events.js:182
      throw er; // Unhandled 'error' event
      ^

Error: listen EADDRINUSE :::8080
    at Object._errnoException (util.js:1021:11)
    at _exceptionWithHostPort (util.js:1043:20)
    at Server.setupListenHandle [as _listen2] (net.js:1344:14)
    at listenInCluster (net.js:1385:12)
    at Server.listen (net.js:1469:7)
    at Function.listen (/home/michael.bakker/fesjs/lme/node_modules/express/lib/application.js:618:24)
    at Object.<anonymous> (/home/michael.bakker/fesjs/lme/app.js:34:33)
    at Module._compile (module.js:624:30)
    at Object.Module._extensions..js (module.js:635:10)
    at Module.load (module.js:545:32)

Appserver exited!
Hipchat post ok
Hipchat post ok
Hipchat post ok
<span>Restarting server</span>
events.js:182
      throw er; // Unhandled 'error' event
      ^

Error: listen EADDRINUSE :::8080
    at Object._errnoException (util.js:1021:11)
    at _exceptionWithHostPort (util.js:1043:20)
    at Server.setupListenHandle [as _listen2] (net.js:1344:14)
    at listenInCluster (net.js:1385:12)
    at Server.listen (net.js:1469:7)
    at Function.listen (/home/michael.bakker/fesjs/lme/node_modules/express/lib/application.js:618:24)
    at Object.<anonymous> (/home/michael.bakker/fesjs/lme/app.js:34:33)
    at Module._compile (module.js:624:30)
    at Object.Module._extensions..js (module.js:635:10)
    at Module.load (module.js:545:32)

Appserver exited!
Hipchat post ok
Hipchat post ok
Hipchat post ok
<span>Auto update </span><a href="http://10.146.2.87:8081/update">server</a><span> deployed</span>
<a href="http://10.146.2.87:8080/public/index.html">DEMO Server</a><span> deployed.</span>

Hipchat post ok
Hipchat post ok
<span>Restarting server</span>
Appserver exited!
<a href="http://10.146.2.87:8080/public/index.html">DEMO Server</a><span> deployed.</span>

Hipchat post ok
Hipchat post ok
Hipchat post ok
<span>Restarting server</span>
events.js:182
      throw er; // Unhandled 'error' event
      ^

Error: listen EADDRINUSE :::8080
    at Object._errnoException (util.js:1021:11)
    at _exceptionWithHostPort (util.js:1043:20)
    at Server.setupListenHandle [as _listen2] (net.js:1344:14)
    at listenInCluster (net.js:1385:12)
    at Server.listen (net.js:1469:7)
    at Function.listen (/home/michael.bakker/fesjs/lme/node_modules/express/lib/application.js:618:24)
    at Object.<anonymous> (/home/michael.bakker/fesjs/lme/app.js:34:33)
    at Module._compile (module.js:624:30)
    at Object.Module._extensions..js (module.js:635:10)
    at Module.load (module.js:545:32)

Appserver exited!
Hipchat post ok
Hipchat post ok
Hipchat post ok
