0 info it worked if it ends with ok
1 verbose cli [ 'C:\\Program Files\\nodejs\\node.exe',
1 verbose cli   'C:\\Program Files\\nodejs\\node_modules\\npm\\bin\\npm-cli.js',
1 verbose cli   'unpublish',
1 verbose cli   'restapi@0.0.6' ]
2 info using npm@3.10.10
3 info using node@v6.9.5
4 silly unpublish args[0] restapi@0.0.6
5 silly unpublish thing Result {
5 silly unpublish   raw: 'restapi@0.0.6',
5 silly unpublish   scope: null,
5 silly unpublish   escapedName: 'restapi',
5 silly unpublish   name: 'restapi',
5 silly unpublish   rawSpec: '0.0.6',
5 silly unpublish   spec: '0.0.6',
5 silly unpublish   type: 'version' }
6 verbose getPublishConfig null
7 silly ls normalized restapi\0.0.6
8 silly gentlyRm C:\Users\Michael\AppData\Roaming\npm-cache\restapi\0.0.6 is being purged
9 verbose gentlyRm don't care about contents; nuking C:\Users\Michael\AppData\Roaming\npm-cache\restapi\0.0.6
10 silly mapToRegistry name restapi
11 silly mapToRegistry using default registry
12 silly mapToRegistry registry https://registry.npmjs.org/
13 silly mapToRegistry data Result {
13 silly mapToRegistry   raw: 'restapi',
13 silly mapToRegistry   scope: null,
13 silly mapToRegistry   escapedName: 'restapi',
13 silly mapToRegistry   name: 'restapi',
13 silly mapToRegistry   rawSpec: '',
13 silly mapToRegistry   spec: 'latest',
13 silly mapToRegistry   type: 'tag' }
14 silly mapToRegistry uri https://registry.npmjs.org/restapi
15 verbose get GET as part of write; not caching result
16 verbose request uri https://registry.npmjs.org/restapi?write=true
17 verbose request no auth needed
18 info attempt registry request try #1 at 5:22:21 PM
19 verbose request using bearer token for auth
20 verbose request id 1cc2d8e3d5eece45
21 http request GET https://registry.npmjs.org/restapi?write=true
22 http 200 https://registry.npmjs.org/restapi?write=true
23 verbose headers { server: 'CouchDB/1.5.0 (Erlang OTP/R16B03)',
23 verbose headers   'content-type': 'application/json',
23 verbose headers   etag: '"519d9aa6-1dc3"',
23 verbose headers   'content-encoding': 'gzip',
23 verbose headers   'cache-control': 'max-age=0',
23 verbose headers   'transfer-encoding': 'chunked',
23 verbose headers   'accept-ranges': 'bytes',
23 verbose headers   date: 'Mon, 10 Apr 2017 15:22:20 GMT',
23 verbose headers   via: '1.1 varnish',
23 verbose headers   connection: 'keep-alive',
23 verbose headers   'x-served-by': 'cache-ams4440-AMS',
23 verbose headers   'x-cache': 'MISS',
23 verbose headers   'x-cache-hits': '0',
23 verbose headers   'x-timer': 'S1491837740.174923,VS0,VE383',
23 verbose headers   vary: 'Accept-Encoding' }
24 silly get cb [ 200,
24 silly get   { server: 'CouchDB/1.5.0 (Erlang OTP/R16B03)',
24 silly get     'content-type': 'application/json',
24 silly get     etag: '"519d9aa6-1dc3"',
24 silly get     'content-encoding': 'gzip',
24 silly get     'cache-control': 'max-age=0',
24 silly get     'transfer-encoding': 'chunked',
24 silly get     'accept-ranges': 'bytes',
24 silly get     date: 'Mon, 10 Apr 2017 15:22:20 GMT',
24 silly get     via: '1.1 varnish',
24 silly get     connection: 'keep-alive',
24 silly get     'x-served-by': 'cache-ams4440-AMS',
24 silly get     'x-cache': 'MISS',
24 silly get     'x-cache-hits': '0',
24 silly get     'x-timer': 'S1491837740.174923,VS0,VE383',
24 silly get     vary: 'Accept-Encoding' } ]
25 verbose get saving restapi to C:\Users\Michael\AppData\Roaming\npm-cache\registry.npmjs.org\restapi_3Fwrite_3Dtrue\.cache.json
26 verbose correctMkdir C:\Users\Michael\AppData\Roaming\npm-cache correctMkdir not in flight; initializing
27 verbose unpublish removing attachments { shasum: '1c1dbb969aacdaa6d1c03810c3e795ddc707946e',
27 verbose unpublish   tarball: 'http://registry.npmjs.org/restapi/-/restapi-0.0.6.tgz' }
28 verbose request uri https://registry.npmjs.org/restapi/-rev/9-07d6089f23e4f8c398236175ca7aac9b
29 verbose request sending authorization for write operation
30 info attempt registry request try #1 at 5:22:21 PM
31 verbose request using bearer token for auth
32 http request PUT https://registry.npmjs.org/restapi/-rev/9-07d6089f23e4f8c398236175ca7aac9b
33 http 403 https://registry.npmjs.org/restapi/-rev/9-07d6089f23e4f8c398236175ca7aac9b
34 verbose headers { 'content-type': 'application/json',
34 verbose headers   'cache-control': 'max-age=300',
34 verbose headers   'content-length': '101',
34 verbose headers   'accept-ranges': 'bytes',
34 verbose headers   date: 'Mon, 10 Apr 2017 15:22:21 GMT',
34 verbose headers   via: '1.1 varnish',
34 verbose headers   connection: 'keep-alive',
34 verbose headers   'x-served-by': 'cache-ams4440-AMS',
34 verbose headers   'x-cache': 'MISS',
34 verbose headers   'x-cache-hits': '0',
34 verbose headers   'x-timer': 'S1491837741.594894,VS0,VE601',
34 verbose headers   vary: 'Accept-Encoding' }
35 verbose request invalidating C:\Users\Michael\AppData\Roaming\npm-cache\registry.npmjs.org\restapi on PUT
36 error unpublish Failed to update data
37 verbose stack Error: you do not have permission to publish "restapi". Are you logged in as the correct user? : restapi
37 verbose stack     at makeError (C:\Program Files\nodejs\node_modules\npm\node_modules\npm-registry-client\lib\request.js:302:12)
37 verbose stack     at CachingRegistryClient.<anonymous> (C:\Program Files\nodejs\node_modules\npm\node_modules\npm-registry-client\lib\request.js:290:14)
37 verbose stack     at Request._callback (C:\Program Files\nodejs\node_modules\npm\node_modules\npm-registry-client\lib\request.js:210:14)
37 verbose stack     at Request.self.callback (C:\Program Files\nodejs\node_modules\npm\node_modules\request\request.js:187:22)
37 verbose stack     at emitTwo (events.js:106:13)
37 verbose stack     at Request.emit (events.js:191:7)
37 verbose stack     at Request.<anonymous> (C:\Program Files\nodejs\node_modules\npm\node_modules\request\request.js:1048:10)
37 verbose stack     at emitOne (events.js:96:13)
37 verbose stack     at Request.emit (events.js:188:7)
37 verbose stack     at IncomingMessage.<anonymous> (C:\Program Files\nodejs\node_modules\npm\node_modules\request\request.js:969:12)
38 verbose statusCode 403
39 verbose pkgid restapi
40 verbose cwd C:\stack\FESJS
41 error Windows_NT 10.0.14393
42 error argv "C:\\Program Files\\nodejs\\node.exe" "C:\\Program Files\\nodejs\\node_modules\\npm\\bin\\npm-cli.js" "unpublish" "restapi@0.0.6"
43 error node v6.9.5
44 error npm  v3.10.10
45 error code E403
46 error you do not have permission to publish "restapi". Are you logged in as the correct user? : restapi
47 error If you need help, you may report this error at:
47 error     <https://github.com/npm/npm/issues>
48 verbose exit [ 1, true ]
