<?xml version="1.0" encoding="UTF-8"?>
<document version="12" show-margin="true" snap-margin="true" margin="56.69292 70.86615 56.69292 70.86615" null-string="&lt;NA&gt;">
  <page name="frontpage" width="595" height="842">
    <rect y="659" width="595" height="30" causes-wrap-type="1">
      <fill color="#eeefef" type="gradient" color2="#ffffff" roll="90" />
    </rect>
    <text x="54" y="690" width="484.307" height="29" asize="---,~~-">
      <binding aspect="TextColor" key="BlockTextColor" />
      <binding aspect="Font" key="HeaderFont + &quot; Bold&quot;" />
      <font name="Arial Bold" size="24" />
      <string>@ReportName@</string>
    </text>
    <cell-table x="56" y="729" width="511" height="58" header-row-count="0" header-column-count="0">
      <column width="143.718" />
      <column width="367.282" />
      <row height="29">
        <cell margin="0, 0, 0, 0" show-left-border="false" show-right-border="false" show-top-border="false" show-bottom-border="false" valign="top">
          <binding aspect="Font" key="HeaderFont" />
          <binding aspect="TextColor" key="BlockTextColor" />
          <font name="Dialog plain" size="12" />
          <pgraph />
          <string>@CompanyNameLabel@:</string>
        </cell>
        <cell margin="0, 0, 0, 0" show-left-border="false" show-right-border="false" show-top-border="false" show-bottom-border="false" valign="top">
          <binding aspect="Font" key="HeaderFont" />
          <binding aspect="TextColor" key="BlockTextColor" />
          <font name="Dialog plain" size="12" />
          <pgraph />
          <string>@CompanyName@</string>
        </cell>
      </row>
      <row height="29">
        <cell margin="0, 0, 0, 0" show-left-border="false" show-right-border="false" show-top-border="false" show-bottom-border="false" valign="top">
          <binding aspect="Font" key="HeaderFont" />
          <binding aspect="TextColor" key="BlockTextColor" />
          <font name="Dialog plain" size="12" />
          <pgraph />
          <string>@CompanyPlaceOfResidenceLabel@:</string>
        </cell>
        <cell margin="0, 0, 0, 0" show-left-border="false" show-right-border="false" show-top-border="false" show-bottom-border="false" valign="top">
          <binding aspect="Font" key="HeaderFont" />
          <binding aspect="TextColor" key="BlockTextColor" />
          <font name="Dialog plain" size="12" />
          <pgraph />
          <string>@CompanyPlaceOfResidence@</string>
        </cell>
      </row>
    </cell-table>
    <text name="canvas" x="28" y="28" width="539" height="99" margin="0, 0, 0, 0">
      <binding aspect="Font" key="DefaultFont" />
      <font name="Calibri" size="12" />
      <string>Canvas 445x692</string>
    </text>
    <text name="watermark" x="-91.441" y="255.462" width="777.363" height="327.093" roll="-68" valign="middle">
      <font name="Arial" size="200" />
      <color value="#cccccc4b" />
      <pgraph align="center" />
      <string>@Concept@</string>
    </text>
    <image-shape name="logo" x="111" y="31" width="350" height="350" causes-wrap-type="1">
      <fill color="#00000000" type="image" resource="743317856" fillstyle="2" />
    </image-shape>
  </page>
  <page name="normal" width="595" height="842">
    <image-shape x="56.693" y="753.134" width="481.614" height="77.866" causes-wrap-type="1">
      <fill color="#00000000" type="image" resource="743317856" fillstyle="3" />
    </image-shape>
    <text name="canvas" x="57.307" y="70.866" width="481" height="680" margin="0, 0, 0, 0">
      <font name="Arial" size="9" />
      <string>Canvas 481x680&#10;</string>
    </text>
    <text name="watermark" x="-91.441" y="255.462" width="777.363" height="327.093" roll="-68" valign="middle">
      <font name="Arial" size="200" />
      <color value="#cccccc4b" />
      <pgraph align="center" />
      <string>@Concept@</string>
    </text>
    <cell-table name="style:6coltable" x="57.307" y="131" width="481" height="249" url="margin-top: 10;" header-row-count="0" header-column-count="1">
      <column width="210" />
      <column width="45" />
      <column width="45" />
      <column width="45" />
      <column width="45" />
      <column width="45" />
      <column width="46" />
      <row height="11.318">
        <cell name="header" margin="4, 5, 4, 3" show-left-border="false" show-right-border="false" show-top-border="false" show-bottom-border="false" valign="top">
          <font name="Arial" size="8" />
          <pgraph />
          <string>header</string>
        </cell>
        <cell margin="4, 5, 5, 3" show-left-border="false" show-right-border="false" show-top-border="false" show-bottom-border="false">
          <stroke type="border" show-left="false" show-right="false" show-top="false" />
          <font name="Arial" size="8" />
          <string>..</string>
        </cell>
        <cell margin="4, 5, 4, 3" show-left-border="false" show-right-border="false" show-top-border="false" show-bottom-border="false">
          <stroke type="border" show-left="false" show-right="false" show-top="false" />
          <font name="Arial" size="8" />
          <string>..</string>
        </cell>
        <cell margin="4, 5, 4, 3" show-left-border="false" show-right-border="false" show-top-border="false" show-bottom-border="false">
          <stroke type="border" show-left="false" show-right="false" show-top="false" />
          <font name="Arial" size="8" />
          <string>..</string>
        </cell>
        <cell margin="4, 5, 4, 3" show-left-border="false" show-right-border="false" show-top-border="false" show-bottom-border="false">
          <stroke type="border" show-left="false" show-right="false" show-top="false" />
          <font name="Arial" size="8" />
          <string>..</string>
        </cell>
        <cell margin="4, 5, 4, 3" show-left-border="false" show-right-border="false" show-top-border="false" show-bottom-border="false">
          <stroke type="border" show-left="false" show-right="false" show-top="false" />
          <font name="Arial" size="8" />
          <string>..</string>
        </cell>
        <cell margin="4, 5, 4, 3" show-left-border="false" show-right-border="false" show-top-border="false" show-bottom-border="false">
          <stroke type="border" show-left="false" show-right="false" show-top="false" />
          <font name="Arial" size="8" />
          <string>..</string>
        </cell>
      </row>
      <row height="11.318">
        <cell name="empty" margin="2, 5, 2, 5" column-span="7" show-left-border="false" show-right-border="false" show-top-border="false" show-bottom-border="false" valign="top">
          <font name="Arial" size="9" />
          <pgraph />
          <string> </string>
        </cell>
      </row>
      <row height="11.318">
        <cell name="level0" margin="2, 0, 2, 3" show-left-border="false" show-right-border="false" show-top-border="false" show-bottom-border="false" valign="top">
          <font name="Arial" size="10" />
          <pgraph />
          <string>level 0</string>
        </cell>
        <cell margin="2, 0, 2, 3" show-left-border="false" show-right-border="false" show-top-border="false" show-bottom-border="false">
          <font name="Arial" size="10" />
          <pgraph align="right" />
          <string>..</string>
        </cell>
        <cell margin="2, 0, 2, 3" show-left-border="false" show-right-border="false" show-top-border="false" show-bottom-border="false">
          <font name="Arial" size="10" />
          <pgraph align="right" />
          <string>..</string>
        </cell>
        <cell margin="2, 0, 2, 3" show-left-border="false" show-right-border="false" show-top-border="false" show-bottom-border="false">
          <font name="Arial" size="10" />
          <pgraph align="right" />
          <string>..</string>
        </cell>
        <cell margin="2, 0, 2, 3" show-left-border="false" show-right-border="false" show-top-border="false" show-bottom-border="false">
          <font name="Arial" size="10" />
          <pgraph align="right" />
          <string>..</string>
        </cell>
        <cell margin="2, 0, 2, 3" show-left-border="false" show-right-border="false" show-top-border="false" show-bottom-border="false">
          <font name="Arial" size="10" />
          <pgraph align="right" />
          <string>..</string>
        </cell>
        <cell margin="2, 0, 2, 3" show-left-border="false" show-right-border="false" show-top-border="false" show-bottom-border="false">
          <font name="Arial" size="10" />
          <pgraph align="right" />
          <string>..</string>
        </cell>
      </row>
      <row height="11.318">
        <cell name="level0single" margin="4, 0, 4, 3" show-left-border="false" show-right-border="false" show-top-border="false" show-bottom-border="false" valign="top">
          <font name="Arial" size="10" />
          <pgraph />
          <string>level 0 single</string>
        </cell>
        <cell margin="4, 15, 4, 5" column-span="6" show-left-border="false" show-right-border="false" show-top-border="false" show-bottom-border="false">
          <font name="Arial" size="10" />
          <pgraph />
          <string>..</string>
        </cell>
      </row>
      <row height="11.318">
        <cell name="level0empty" margin="4, 0, 2, 5" column-span="7" show-left-border="false" show-right-border="false" show-top-border="false" show-bottom-border="false" valign="top"> 
          <binding aspect="Font" key="HeaderFont" />
          <binding aspect="TextColor" key="BlockTextColor" />
          <font name="Arial" size="10" />
          <color value="#2aace3" />
          <pgraph />
          <string>level 0 empty</string>
        </cell>
      </row>
      <row height="11.318">
        <cell name="level1" margin="2, 5, 2, 3" show-left-border="false" show-right-border="false" show-top-border="false" show-bottom-border="false" valign="top">
          <font name="Arial" size="9" />
          <pgraph />
          <string>level 1</string>
        </cell>
        <cell margin="2, 0, 2, 3" show-left-border="false" show-right-border="false" show-top-border="false" show-bottom-border="false">
          <font name="Arial" size="9" />
          <pgraph align="right" />
          <string>..</string>
        </cell>
        <cell margin="2, 0, 2, 3" show-left-border="false" show-right-border="false" show-top-border="false" show-bottom-border="false">
          <font name="Arial" size="9" />
          <pgraph align="right" />
          <string>..</string>
        </cell>
        <cell margin="2, 0, 2, 3" show-left-border="false" show-right-border="false" show-top-border="false" show-bottom-border="false">
          <font name="Arial" size="9" />
          <pgraph align="right" />
          <string>..</string>
        </cell>
        <cell margin="2, 0, 2, 3" show-left-border="false" show-right-border="false" show-top-border="false" show-bottom-border="false">
          <font name="Arial" size="9" />
          <pgraph align="right" />
          <string>..</string>
        </cell>
        <cell margin="2, 0, 2, 3" show-left-border="false" show-right-border="false" show-top-border="false" show-bottom-border="false">
          <font name="Arial" size="9" />
          <pgraph align="right" />
          <string>..</string>
        </cell>
        <cell margin="2, 0, 2, 3" show-left-border="false" show-right-border="false" show-top-border="false" show-bottom-border="false">
          <font name="Arial" size="9" />
          <pgraph align="right" />
          <string>..</string>
        </cell>
      </row>
      <row height="11.318">
        <cell name="level1single" margin="4, 5, 4, 3" show-left-border="false" show-right-border="false" show-top-border="false" show-bottom-border="false" valign="top">
          <font name="Arial" size="9" />
          <pgraph />
          <string>level 1 single</string>
        </cell>
        <cell margin="4, 15, 4, 5" column-span="6" show-left-border="false" show-right-border="false" show-top-border="false" show-bottom-border="false">
          <font name="Arial" size="9" />
          <pgraph />
          <string>..</string>
        </cell>
      </row>
      <row height="11.318">
        <cell name="level1empty" margin="4, 10, 2, 5" column-span="7" show-left-border="false" show-right-border="false" show-top-border="false" show-bottom-border="false" valign="top">
          <binding aspect="Font" key="HeaderFont" />
          <binding aspect="TextColor" key="BlockTextColor" />
          <font name="Arial" size="9" />
          <color value="#103558" />
          <pgraph />
          <string>level 1 empty</string>
        </cell>
      </row>
      <row height="11.318">
        <cell name="level2" margin="2, 10, 2, 3" show-left-border="false" show-right-border="false" show-top-border="false" show-bottom-border="false" valign="top">
          <font name="Arial" size="8" />
          <pgraph />
          <string>level 2</string>
        </cell>
        <cell margin="2, 0, 2, 3" show-left-border="false" show-right-border="false" show-top-border="false" show-bottom-border="false">
          <font name="Arial" size="8" />
          <pgraph align="right" />
          <string>..</string>
        </cell>
        <cell margin="2, 0, 2, 3" show-left-border="false" show-right-border="false" show-top-border="false" show-bottom-border="false">
          <font name="Arial" size="8" />
          <pgraph align="right" />
          <string>..</string>
        </cell>
        <cell margin="2, 0, 2, 3" show-left-border="false" show-right-border="false" show-top-border="false" show-bottom-border="false">
          <font name="Arial" size="8" />
          <pgraph align="right" />
          <string>..</string>
        </cell>
        <cell margin="2, 0, 2, 3" show-left-border="false" show-right-border="false" show-top-border="false" show-bottom-border="false">
          <font name="Arial" size="8" />
          <pgraph align="right" />
          <string>..</string>
        </cell>
        <cell margin="2, 0, 2, 3" show-left-border="false" show-right-border="false" show-top-border="false" show-bottom-border="false">
          <font name="Arial" size="8" />
          <pgraph align="right" />
          <string>..</string>
        </cell>
        <cell margin="2, 0, 2, 3" show-left-border="false" show-right-border="false" show-top-border="false" show-bottom-border="false">
          <font name="Arial" size="8" />
          <pgraph align="right" />
          <string>..</string>
        </cell>
      </row>
      <row height="11.318">
        <cell name="level2single" margin="4, 10, 4, 3" show-left-border="false" show-right-border="false" show-top-border="false" show-bottom-border="false" valign="top">
          <font name="Arial" size="8" />
          <pgraph />
          <string>level 2 single</string>
        </cell>
        <cell margin="4, 15, 4, 5" column-span="6" show-left-border="false" show-right-border="false" show-top-border="false" show-bottom-border="false">
          <font name="Arial" size="8" />
          <pgraph />
          <string>..</string>
        </cell>
      </row>
      <row height="11.318">
        <cell name="level2empty" margin="4, 10, 2, 5" column-span="7" show-left-border="false" show-right-border="false" show-top-border="false" show-bottom-border="false" valign="top">
          <font name="Arial Bold" size="8" />
          <pgraph />
          <string>level 2 empty</string>
        </cell>
      </row>
      <row height="11.318">
        <cell name="level3" margin="2, 15, 2, 3" show-left-border="false" show-right-border="false" show-top-border="false" show-bottom-border="false" valign="top">
          <font name="Arial" size="7" />
          <pgraph />
          <string>level 3</string>
        </cell>
        <cell margin="2, 0, 2, 3" show-left-border="false" show-right-border="false" show-top-border="false" show-bottom-border="false">
          <font name="Arial" size="7" />
          <pgraph align="right" />
          <string>..</string>
        </cell>
        <cell margin="2, 0, 2, 3" show-left-border="false" show-right-border="false" show-top-border="false" show-bottom-border="false">
          <font name="Arial" size="7" />
          <pgraph align="right" />
          <string>..</string>
        </cell>
        <cell margin="2, 0, 2, 3" show-left-border="false" show-right-border="false" show-top-border="false" show-bottom-border="false">
          <font name="Arial" size="7" />
          <pgraph align="right" />
          <string>..</string>
        </cell>
        <cell margin="2, 0, 2, 3" show-left-border="false" show-right-border="false" show-top-border="false" show-bottom-border="false">
          <font name="Arial" size="7" />
          <pgraph align="right" />
          <string>..</string>
        </cell>
        <cell margin="2, 0, 2, 3" show-left-border="false" show-right-border="false" show-top-border="false" show-bottom-border="false">
          <font name="Arial" size="7" />
          <pgraph align="right" />
          <string>..</string>
        </cell>
        <cell margin="2, 0, 2, 3" show-left-border="false" show-right-border="false" show-top-border="false" show-bottom-border="false">
          <font name="Arial" size="7" />
          <pgraph align="right" />
          <string>..</string>
        </cell>
      </row>
      <row height="11.318">
        <cell name="level3single" margin="4, 15, 4, 3" show-left-border="false" show-right-border="false" show-top-border="false" show-bottom-border="false" valign="top">
          <font name="Arial" size="8" />
          <pgraph />
          <string>level 3 single</string>
        </cell>
        <cell margin="4, 5, 4, 3" column-span="6" show-left-border="false" show-right-border="false" show-top-border="false" show-bottom-border="false">
          <font name="Arial" size="8" />
          <pgraph />
          <string>..</string>
        </cell>
      </row>
      <row height="11.318">
        <cell name="level3empty" margin="4, 15, 2, 5" column-span="7" show-left-border="false" show-right-border="false" show-top-border="false" show-bottom-border="false" valign="top">
          <font name="Arial" size="8" />
          <pgraph />
          <string>level 3 empty</string>
        </cell>
      </row>
      <row height="11.318">
        <cell name="level4empty" margin="4, 20, 2, 5" column-span="7" show-left-border="false" show-right-border="false" show-top-border="false" show-bottom-border="false" valign="top">
          <font name="Arial" size="8" />
          <pgraph />
          <string>level 4 empty</string>
        </cell>
      </row>
      <row height="11.318">
        <cell name="level4single" margin="4, 20, 4, 3" show-left-border="false" show-right-border="false" show-top-border="false" show-bottom-border="false" valign="top">
          <font name="Arial" size="8" />
          <pgraph />
          <string>level 4 single</string>
        </cell>
        <cell margin="4, 5, 4, 5" column-span="6" show-left-border="false" show-right-border="false" show-top-border="false" show-bottom-border="false">
          <font name="Arial" size="8" />
          <pgraph />
          <string>..</string>
        </cell>
      </row>
      <row height="11.318">
        <cell name="level5single" margin="4, 25, 4, 3" show-left-border="false" show-right-border="false" show-top-border="false" show-bottom-border="false" valign="top">
          <font name="Arial" size="8" />
          <pgraph />
          <string>level 5 single</string>
        </cell>
        <cell margin="4, 5, 4, 5" column-span="6" show-left-border="false" show-right-border="false" show-top-border="false" show-bottom-border="false">
          <font name="Arial" size="8" />
          <pgraph />
          <string>..</string>
        </cell>
      </row>
      <row height="11.318">
        <cell name="localtotal" margin="2, 15, 2, 3" show-left-border="false" show-right-border="false" show-top-border="false" show-bottom-border="false" valign="top">
          <font name="Arial Bold" size="7" />
          <pgraph />
          <string>localtotal</string>
        </cell>
        <cell margin="2, 0, 4, 3" show-left-border="false" show-right-border="false" show-top-border="false" show-bottom-border="false">
          <stroke type="border" show-left="false" show-right="false" show-bottom="false" />
          <font name="Arial Bold" size="7" />
          <pgraph align="right" />
          <string>..</string>
        </cell>
        <cell margin="2, 0, 4, 3" show-left-border="false" show-right-border="false" show-top-border="false" show-bottom-border="false">
          <stroke type="border" show-left="false" show-right="false" show-bottom="false" />
          <font name="Arial Bold" size="7" />
          <pgraph align="right" />
          <string>..</string>
        </cell>
        <cell margin="2, 0, 4, 3" show-left-border="false" show-right-border="false" show-top-border="false" show-bottom-border="false">
          <stroke type="border" show-left="false" show-right="false" show-bottom="false" />
          <font name="Arial Bold" size="7" />
          <pgraph align="right" />
          <string>..</string>
        </cell>
        <cell margin="2, 0, 4, 3" show-left-border="false" show-right-border="false" show-top-border="false" show-bottom-border="false">
          <stroke type="border" show-left="false" show-right="false" show-bottom="false" />
          <font name="Arial Bold" size="7" />
          <pgraph align="right" />
          <string>..</string>
        </cell>
        <cell margin="2, 0, 4, 3" show-left-border="false" show-right-border="false" show-top-border="false" show-bottom-border="false">
          <stroke type="border" show-left="false" show-right="false" show-bottom="false" />
          <font name="Arial Bold" size="7" />
          <pgraph align="right" />
          <string>..</string>
        </cell>
        <cell margin="2, 0, 4, 3" show-left-border="false" show-right-border="false" show-top-border="false" show-bottom-border="false">
          <stroke type="border" show-left="false" show-right="false" show-bottom="false" />
          <font name="Arial Bold" size="7" />
          <pgraph align="right" />
          <string>..</string>
        </cell>
      </row>
      <row height="11.318">
        <cell name="subtotal" margin="2, 10, 2, 3" show-left-border="false" show-right-border="false" show-top-border="false" show-bottom-border="false" valign="top">
          <font name="Arial Italic" size="8" />
          <pgraph />
          <string>subtotal</string>
        </cell>
        <cell margin="2, 0, 4, 3" show-left-border="false" show-right-border="false" show-top-border="false" show-bottom-border="false">
          <stroke color="#999999" type="border" show-left="false" show-right="false" show-bottom="false" />
          <font name="Arial Italic" size="8" />
          <pgraph align="right" />
          <string>..</string>
        </cell>
        <cell margin="2, 0, 4, 3" show-left-border="false" show-right-border="false" show-top-border="false" show-bottom-border="false">
          <stroke color="#999999" type="border" show-left="false" show-right="false" show-bottom="false" />
          <font name="Arial Italic" size="8" />
          <pgraph align="right" />
          <string>..</string>
        </cell>
        <cell margin="2, 0, 4, 3" show-left-border="false" show-right-border="false" show-top-border="false" show-bottom-border="false">
          <stroke color="#999999" type="border" show-left="false" show-right="false" show-bottom="false" />
          <font name="Arial Italic" size="8" />
          <pgraph align="right" />
          <string>..</string>
        </cell>
        <cell margin="2, 0, 4, 3" show-left-border="false" show-right-border="false" show-top-border="false" show-bottom-border="false">
          <stroke color="#999999" type="border" show-left="false" show-right="false" show-bottom="false" />
          <font name="Arial Italic" size="8" />
          <pgraph align="right" />
          <string>..</string>
        </cell>
        <cell margin="2, 0, 4, 3" show-left-border="false" show-right-border="false" show-top-border="false" show-bottom-border="false">
          <stroke color="#999999" type="border" show-left="false" show-right="false" show-bottom="false" />
          <font name="Arial Italic" size="8" />
          <pgraph align="right" />
          <string>..</string>
        </cell>
        <cell margin="2, 0, 4, 3" show-left-border="false" show-right-border="false" show-top-border="false" show-bottom-border="false">
          <stroke color="#999999" type="border" show-left="false" show-right="false" show-bottom="false" />
          <font name="Arial Italic" size="8" />
          <pgraph align="right" />
          <string>..</string>
        </cell>
      </row>
      <row height="11.318">
        <cell name="total" margin="2, 5, 2, 3" show-left-border="false" show-right-border="false" show-top-border="false" show-bottom-border="false" valign="top">
          <font name="Arial Bold" size="8" />
          <pgraph />
          <string>total</string>
        </cell>
        <cell margin="2, 0, 2, 3" show-left-border="false" show-right-border="false" show-top-border="false" show-bottom-border="false">
          <stroke type="border" show-left="false" show-right="false" />
          <font name="Arial Bold" size="8" />
          <pgraph align="right" />
          <string>..</string>
        </cell>
        <cell margin="2, 0, 2, 3" show-left-border="false" show-right-border="false" show-top-border="false" show-bottom-border="false">
          <stroke type="border" show-left="false" show-right="false" />
          <font name="Arial Bold" size="8" />
          <pgraph align="right" />
          <string>..</string>
        </cell>
        <cell margin="2, 0, 2, 3" show-left-border="false" show-right-border="false" show-top-border="false" show-bottom-border="false">
          <stroke type="border" show-left="false" show-right="false" />
          <font name="Arial Bold" size="8" />
          <pgraph align="right" />
          <string>..</string>
        </cell>
        <cell margin="2, 0, 2, 3" show-left-border="false" show-right-border="false" show-top-border="false" show-bottom-border="false">
          <stroke type="border" show-left="false" show-right="false" />
          <font name="Arial Bold" size="8" />
          <pgraph align="right" />
          <string>..</string>
        </cell>
        <cell margin="2, 0, 2, 3" show-left-border="false" show-right-border="false" show-top-border="false" show-bottom-border="false">
          <stroke type="border" show-left="false" show-right="false" />
          <font name="Arial Bold" size="8" />
          <pgraph align="right" />
          <string>..</string>
        </cell>
        <cell margin="2, 0, 2, 3" show-left-border="false" show-right-border="false" show-top-border="false" show-bottom-border="false">
          <stroke type="border" show-left="false" show-right="false" />
          <font name="Arial Bold" size="8" />
          <pgraph align="right" />
          <string>..</string>
        </cell>
      </row>
      <row height="11.318">
        <cell name="memotitle" margin="4, 20, 1, 5" column-span="7" show-left-border="false" show-right-border="false" show-top-border="false" show-bottom-border="false" valign="top">
          <font name="Arial" size="8" />
          <pgraph />
          <string>memotitle</string>
        </cell>
      </row>
      <row height="11.318">
        <cell name="memo" margin="1, 25, 4, 5" column-span="7" show-left-border="false" show-right-border="false" show-top-border="false" show-bottom-border="false" valign="top">
          <font name="Arial" size="8" />
          <pgraph />
          <string>memo</string>
        </cell>
      </row>
    </cell-table>
    <text x="56.693" y="776.134" width="240.307" height="50.866" margin="7, 0, 0, 0">
      <binding aspect="Font" key="HeaderFont" />
      <font name="Arial" size="8" />
      <string>&#10;&#10;@CurrencyText@</string>
    </text>
    <text x="297" y="776.134" width="241.307" height="45.866" margin="7, 0, 0, 0">    
      <binding aspect="Font" key="HeaderFont" />
      <font name="Arial" size="8" />
      <pgraph align="right" />
      <string>&#10;&#10;@PageLabel@ @Page@ @Of@ @PageMax@</string>
    </text>
  </page>
  <resource name="743317856" rm-byte-encoding="Ascii85">
    <![CDATA[
M,6r;%14!\!!!!.8Ou6I!!!+d!!!)g#R18/!'WG!AH2]1$#iF<ErZ1m,6.]r,6<%c5B[#,!#]lI=EIJ[Aor6*Eb,5:A8bpg+A$EYB4XtP@:XY'a^mR7!)+t96pXdsg?dWkQIA<u#Ab\nVE*nQJs[;"$o5M`_)J5/AjlA#TN;,pTOA"@7N'X5mf;rR1S@l:S/&\c:WE.a:Bfi=VIS;BX?S#qH-Yq7+\c1D.S9;3PtG0`zzzzzzzzzzzzzzzzzzzzzzzzzzzzzzzzzzzzzzzzzzzzzzzzzzzzzzzzzzzzzzzzzzzzzzzzzzzzzzzzzzzzzzz!)VGMrm-($.0T]BhtN!.J-5u9=oS+WJ%o#&!$G5B5ZNm*qmg)@!(%t3<->YBB>G2\KLu4m-Vf(Q\b"F),le49!)UhuK"i*Q!C3RdJ:l/@r'/"1!/*rEfWAQHX'c5666uVro!mc,$'kQ6<!'j"S5o>e_%Ha$8c\XdjO@8I&cdSW!8-OUc$q*C!e=)R!0sFq$C1Z7<!'j:25e.qQ2i%,!l,V5)u;^L,le49!)1aBK>1'`"9>,.J>m3qlDn;!!(%t3'D8l3h^_fX)r=B]f1RCjJ5?QffUTAE]*6@p..anYq<LKI1B7]G!/r,gZn_5RYhU6I:HJjP!!nhid&G&+IEj*jjc2UZAXNWC<!#>N\f<Ss<3RnZP[DSg'Nb?g8cZjBHFfL?3ltd?-W'LKjoH#C!MC0U9u@rnYUgA7q^d'oKLu5X9V8(kUC<G7"6GlT2['rsTb;l!LS$c-^5b6V<X=p=KR*WO8cUhC.ap%@&M.]#b*;/k!21#*.SFK?Cs^#(At]'"#H#9<+B/Cr`"80MeCRP#b9I("MW#TVTb7>t8TibKTRp_WJMQ>u!'mIcJ3k]GNX[172A@RSe:f?U!!nhi$q?si?O%;s)[qru#l+H+PlU<5ThMph10Csr.#1bL!!nhi0W7jRUk3/NJauI)Qi[YG:^KDXo&(.td*TX&'#Clm5WQce%tII_^_H`3s6ou3S%i5;E79.CQ5p+N^_BlNCAUa<!75^V3mZ]d#Is#V4;_FI>ZP,5b)QGD^Y`3&"e[=iPlPnU%k`daLh1=P1,&kI!21#*_/]t#ZA1[_Qi[X\/Z-8acl5nlP6mHmVSE70R?:)AH=OlKWB_>g!XjNT$%QDD`*euuTF=MF"e[X"?NE^7Pc)AF&h#\4JH_\Z,F&6S@B(Q<M$;&;'Nb?g8cT";+U#sk"(bjI/-(s&rX(nB0bBo<6#bMomlo&e4r$!'5e1;1/-)LaW<AklO:6[nJ%a&*o3WXT[BU)(fLIJ+&!VVoYQ0o"U_825!@WV[a*YZm/'i&Pj+uds!bH>7DuUKQ*rquIJ2W%U?s0`s"qi=C9S!@4W!&dd+=UEY/<>>cb2=I=6O!Oa&qF#8UgSJ@4S%+c^]J(T$7l0D,ljJ>8\oG^0TG^8B\T'/iIBNj!"^U\kUK+1QK&QDn>!YqDA<<T67%.)fk$6Z/-SWGKLu4I8\n;t"9>,.5`eZp?n"nR+B/Cb8.(Xa,li>YHURog87sYJSIK8%cgq.hGkd3C;S:@%"A/[j@AFNDTSEC"7O+3#,lg7X!.q%T.8U(r:^J7H$C1`>!!nhiJu)j(=:18moY<dV!$a2U`G-s\1P.k0<[5msF2\M@9h$T57`:,EBZag]JMM`POM=QNBADROp\F"--uo<]&cfaGYS8M/#0L5D.:<2_PlM)UJu(_83D^'M!(%t3Ju)j(:c8q7"\\oi&cfaGYS8K)$'YK<J5?Q&?n#1bP`5f<!>@_s"@01*/-X2I^4UqB+B/Cb=:1>qV18jp<!"1E$C1a)5Cl_J";!$`&1duXJPs8d&1R\l/-S[t1@6h.0EHi!!!Gs2;P6^e49,pB!>$g&=<7O?5RAQ4![(SPQ3*mJ#p<1K+BSu:!i8-g+B/Cb=:1@NQ\RgT:]^of!!nmBV*HJ+!XP%k#aU(=5UfM2+B/Cb==.>q!i8-g+B/Cb=:1>qV*G>0<!"1E$C9M5LHm:b!XP%k#aU(=5UfM2#aGAqQ@`[ljWRG-PQ4#r!.q%T.8UA9!(%t3#aX;3LHm:b!XP%k#aU(=5UfM2#aGB4=E[ae!i8-g+B/Cb=:1A%b!Vg9-ijP@HURp"9t)h[$r&6<.h=t)r2iRn'ds5X!21$UC!)(OBacUA!t<&-gA9nGJu(^]:]cT1l)t(\.T#9DA_fWiSS,o?@0K8S&jWAu5bJf>CB[@^;P4.(.KL)/"j1#b;P4^P!JF&F"A46N<j94L-j<3CTb7?V;P6^_?3Ek#KLu4I8qBm5"@/mg5bJf>"\O=Y5c=ecJPr-T-ijl/!>$X_8q@TTTb7?V;P4^P!>$^]&1@]SJJ%sV&cdJ\TG/dX8cXN:!!GoF;P4.XW!#AY'IX,W!/*rE"A45CTEINY"@/Uo-j<4o&jWAu5bJf>"\O=Y!21#*JPr-T-ijl/!>$X_8q@TTTb7?V;P4^P!>$^]&1@]SJPr-D5c=es-j<4o;P4.XW!#AY'IX,W!/*rE"A45CTEINY"@/Uo-j<3CKLu4I8qBm5'IWu1l[)&#+Ae(Q:kg*Z^WlsSJJ%sV&cdKgDNK43s7oom'IWuqO6NhJ!p*Mdj`Z`ta?O;\:^WEe#aGAqP]_U`B>IK="@/mg5bK)uT^443$BtMrPlM)Sis_0S#>9U\J17d#%tHo*V*Go'\%$\/I"6c'=:18m#aGAkV*J0i/&="@IQ.)W`;lCY=^E0$p+QL30`;_OTU]2Ygt'VIfGI_G(t'1FH!K"V!"^U\"A45CYS8Vh&1R\l-sI1GJu)i]J5?Op:^WG=V-jU[:^MY;fjCBd/-SZHKLu5q;P4^T"\SiK8cXE?T^4=.$C68i!(%u^5UfM:Q@^C_67%.I.8]^S-j<8[&ceU<5bJf>"\ZZE!21#jTG/dX9>M5@Tb7?VEhIt]YS8Vh&1R\`8qBmE'J'7r.KKZEJPr]d/--;3!<c#GEhIt]YS8Vh\Dqp)!789%r`ThKRg$rQ?,lrtW#/Kh(s^Fuo!l,D"&+o@8q<MO&^.*JlR[P1"Nj"c@ehT#Q2j5t!!9#_.9HqC!!nhi!iA43=:1>o#aGAkAkrG+TG/p\9)sW;!!-#k'J'D\!/*rE\dOl,V-k`S![(GD#ab[i?n#1Z+B/Eh?,..&"\ZZE!21$U=ohQp'J'D\!/*rEC'@:^;Qpid!>$^]W"h"!1%5I5Ju)i]J5?P;&qO&U'J'D\!21#*"A6L.YQR4i"@/Uo/-SZHKLu4I9#4E0"@/mg5bLNL'J'8SkBfVtJ3_eGlPKU@'nbc__qAa1*])%B@!IW0![(>5CW[lfiAmlUo@H]C"tNCK5c=fNTL?!u,QWQj!"^O^90j0jTb7?V;R#L@=:12k66uU;P_,_S$%PhY_!ut$KZR!lg['(^>3<"E_6VU!.7aLGPlOW1OSk6Ubm"k1+6=[/2W*p6U<Wqc7Y@N[$%PhY5ij\?Q+oI(;P;h!G/<bE?n"VJ+B/D]<"Kqa'\Im<9#:(s?n"VJ+B/EhBFma\$>a.D'J(a<90j0jTb;n,6=m/q?k3H6_/aIuHmVAc+B/Eh7Arn"$>erl.9HY%:^KDe_(qi9Ya#<e?jQhXqHaa6:smP7"(dSo]8QT(LuI\]:0@`#Tb;lAH9:aa.9HX:F%h&eTX(/e^bufRmsH3U@0*#J,F&8YdFT)b`WKd[`"E''8cZHQ`t[0,!i992!66hm'nBIKSc[Y]TY0m09SEY#$B.pc:fg^s?ona\JItNT&1R_E7Mf!23t7F+,lgnWqC;QR[6+W$QU#iZqj@d!!!a@?"Q1,69nD[p:^."CZ$`E_![(GD0Ec5dJP@=b%Qmk-eMI:<.KN(H%">7^#0HrOb8[Ps!21$UW<JY7"6BN8j__`6/'S\,Tb;mLBO[uQdXcFH_:$h7!/*rEL80;KY_*4G!t(?k^&fEV!\cTVK?TtijT'n/WNQ:-PlM4jSLKnX%$ZSR92f0u&1R\tAAG3+"a87D1>uVTl72j$,liQt2UIC,:aR#19mm11W!$MTb"TJg<M3#:=IT'nJ5?QfTS(dg.BoQUPR.Ld;dTP:.KLC!RjeQa"G3JLY5ein!0"eLW<UM:K;GQN!!nhiN$;*SSH:mP5hTYO2"_R`Tb;n'\=%B1llfK"q?haL$,ELPSU-sq3*;XG$@kqZ^o2ia#a,^q*[j)YQDV@td&ZUL!<BLqJ,e]HYOf6pL4='-qYEJA!mi;>PlT0^Q:<E"I0Dm7"9?9D2H*r`&1R]GYcPgDY5ein!$GCpB'LlH66uU;QF3.W$@kqZ!.nda?tnmV!(%t3:chdJq?haL#lrHbQDV@t+B/CB[=Y6SY5ein!'opZC$I2K66uV.4'7sJ$@kqZ!7V@AVS3*S<!!'-K;GQN!!nhi5j_rnl72i7!7h#9s8;V6rq`E9!!!"t)_>Vo!<<*"zzzzzzzzzzzzzzzzzzzzzzzzzzzzzzzzzzzzzzzzzJ;O+t&HDfZqXKnZkP<j`^4,qEpYRTg$G^WYTEo5(1GISK%*[^<5MYe(o/lucc<n%BIVtFcrnRAAQWN%c==J*;6(]f*j*;i]hr";%[\],g&1SQALL;1@@8U[1MN]&HF5LVC0nb:#q)SG"R>9%pRK5tE>VV0"LiA=Q3M%`rPmkGfRJt@&N^;k3S7Q%t*p8AtAdFgJ(c4V$]N'"QSX^p"@T_E=a&rN-MJsPbUiZWl_al)c3XMKIn2,mAP6#K?kes!0D1<D5]ZFM&_n2%)JB#IdC%gr8j,)1b^dod+*JW`39[6-$obRAhD&t<rC)Wbp3FSM-*H?IoI=&_V(Q;;p%#g<@*J`!=G`cj&oSl]BDWgh>?01OY18C09LWneh!<@dF$H$BkRCjG`R(OpPkj.U$rKfhs!!!:ie-qQpo=&Ac2"--$HSc$/!!nk>$^5!rKeQC`j^m8M$k!%8%JjBC9I<Sj7<h"-SeLfpCB+?bjqt';J!^XC>f5ddRF:lI80n69#aJ?pPTMZUPM;C\!!!"fA,>M9"(_b$VRq:mj\[3%!738AQ/`=<@>+2>BmdhJ<r`56R$#P]"j.B%h[,N/=el9&!/*rS"NiDb3E$hX)6!`=!25Q=Xto`J(Ad@khj-k8!!%[EG)4J<4BE/LN)B]WJ5Ag'TF@TZ=%Zr*V'5m>!25S3Xqec=T+qA,!!nkFn`):;^<GA&=bc1E!!"-@E[O]/o!]E-iip1Hs%TEp!!&^U4%suQB;l.:!'mJnbE'F93mZ^G8tqQ2M?!VVKM&sig1tu2^&e:b:s"Gh8tcjt!/*t)nOsOZ[ef=ahc>U8!!%[EZN%$$HDVr[1J.rR!%n%5&IcsH7O^]t>NN'7nU4Eshh5W[T&d)Iih'lR<S(kX"onXV9)a"*n@#Ijf1l6jT>-\ArVkQ_`p[$drJMbIq)*iLH2`+,hbT=/I/j7t:cV*m\-g\k:D2Hi<W7<0LWDn'^H@8"S+t^/!rP#>]O6ldY5ePF<"_>hCjX_f9YTrc6fZ$FiA4i]J/P3eTC3'@[l$ZK!<@Y5/CZI,.4rm[7K=NQ*@Q+8bkuUOs7'D$\2!2bD^,5^+B/uG9ps/Rf1ho3-FAI=ao(i&::RZ%%fcU:bk0NGQm]0[lPM%6S5pQ;lX_-S?Y_Cs!$G83[oDdnHnpBP'\uCg!!(h/rH1(p'A/&kH!":N$31&kW#UnD5@r`dXRrMN!!!"mEd1IfQ#B>F"TSOUb$hlR^c#<i"onW7.L0_>oB.cc;??gu6KN1Z]h$Ir<<*"!#aGMaj"J1@*@TNhrVkQ2RK*<fKZ[^al1soS8cSiVW#W%U7k-a'!WW3cW#VtS7k/FW!<<*B<"@MUI=Cru^],W[!WW3ejad"arH5+7!<<+nP.EcF&c_nC.]MgA+ohTCKZ[_m.09JL5cA4LU!b,J!!%OG8T!mp"98FT8cShkKLu4E!/*rE!!%[E!!!"P8jr^[!'jgS-isB>bE'F9HBQ%6*r<F^IfF8aZpn!Wo<&%_+8GA+I!tg3h@<RYE&?r)m.Vmt5I^[*93A%jf'ra6&n'E6L@(#]:B_nN?K5P0l"J""s*LdkHCK+B4>NkmFth+R5)4Bs<VN>AjIP1lh5TT1<dcV)N[3rh1qrCu2K7Bcn(eJBU&P(NqmhfNAinZ3lXBhnH)hsU1sc`<\F52__<:T+a*_(bSK^W(_"3%=If(E<,cDFr2][S*@A*dmn8Z))GR,Cn[u8UaHl1a:HDp.jq<KB2kM$X(q_EYJd8P%=[eND,2s*"&MiW.ohUico$^%.^+)bFakh9e#%NOpL.YZ$J?"VuSFpuVS=6?q\#(#[XQg)kVi8f0P;VcO.*ZrBdcN[^(gRX?D=141H&'eY=39r"eljK4)>eD]s)+*H4a+gLshGZN`I&VJiGjFa)(>HXR/A6t!Ru7`FG&XM%&1WB+ML@;/)Xgc'd.^#kg[s=CgMH??ggh:@L#gL#[D&e!l[02;rJ+-Y(l^Ksa<kg,k1_u<9;/Y;J9[B!OPI=+^GUVrkkX3h[Y5lq-UObZS%f`!oa$gL,mQbJ6KL5mBuN5Z7ZZhrhRUsD'-Lq2V>g[Z=/JY+[[Zm@OW8Cg=`$3cnbWTWjXq`>bNdp\S7:<h(+O'+<-XP%2_1S^7<[i<'9lq!*i<P;^r_'I[puK\pAF_..s(nPUQ,kkBoPAY[0]RjH'p6o\=@r%,DO>'0iX[%i%&Y*`\4X4<u,@kh/>XSCa<BP5BWTJ[mfE\;V?4Ici+uZ*Xg#7KM!ZOI0-,5iQ03Pn+'a*#a+_[haK?@:quVSiOGE;]f75FP=6XInV>57TgH9EIkJ:SL-J"1p/itQ,#gn^^bMP0eb4j.=%+LNI,"WH6oNn^5K/ZGj]&,$`DCQN/PRicb[\=^Bf8=llY$$;J!699]4hKtYoT?1lr_"/QPV80:ulsl^m)c7Q/5;qG91cf[ZaLe(Cc%Jp,\dp`-]\IgmL:L?XWu8CMdch+X2ELbJ#Sm2T=qNTrj*4fhZ,8a%Ndn0K\6SM$;&6kP&qsIi6-]#aJ*?;YY"O@.'qgnW)eEd.n_mB-T#modLjS<&]\%`0o'K1>R/]qtP_c&2#AbrSJ$;Y;R17*"NW2RCj5ca&qf2m/'ES;Y0>,=mTs`@RMTFkSQCF03%>76H!JX;M`u=O8gr";9O2miDX>#[p9df531gHV'lm)RBdNua#+sta`j'D]Qf-a"Hr"cI#@Y>%_4`pktFi-:kiJddE2>F1D?o\g^[*=FEaEm^ZXRm><Mp1<5Q#\S'4rjFC)t_n*_JtVWBj6)]`CC12Q]sbUD#k!bE46qOl[q#E"_-[=`EAa`R:J^6FuKYR$Lf<=/cfn]8lFIa=YTI`h;9BAQo)X@!l6f6#X/"j0[17]#ARMEaQejo%;J=I?)A9#?:9%mut_Jkubr]MDoSjs)D*^;%ulZVJsE&;'#pF>obbBnaZmGi,TK5<_of#Mp4_)mHpFENY(?+VCC\`XkC1a"hK[IZIg=<4ebXq-a"Rnb*n'j]ke[.o9j,I8iaA_=DuHD;dM[8t%cs.ncQKVBJ.Aq)3du)+u?cn*_DrVXHs2*DXF;TMuhh\fP%ZMui-IeHqNIPu(Nh;ddXd?_upa;T;^gpKe.A![SKhQ3*mjM,4LQn7[sHGWmEbC`Z$,`3f!ci=RUD8gYB+j!.D(9#2.6&ruS8n%XS@YNqc=@lBKMoB&3fV,0/lZRgZSQZOW'9;(Xs<N>5k(jM[R,/Fnc&t3::o(\DihqKe\%aS;7DU*QEZT=<aA7W8mS&K_dM7%tTlk+9L&!lC96)]Gk9As3iLBB3I\N6O@lTV2^`fUq\,Fi)5$l9LtCAS='.8>(P'e"Dlk0Fcp:^LWs_FWeA^ru5@3i$A#o0p\?b*1%jkb]1Fk:S%P.Z#9\s%gMDYrkVfTb>)%b+hE%S-mo!H&nT2Nq^OK9[>el)YYF3rGcS'o#jRlP3C_)*%gU-Q2SIAp.(eh7P0<aM[XV5XSXG\.-Pg(<o$8+4mt-N;lSttiLY9Yhmk4-_E>#_Q\n)-KJ>4cp5"o"c_'ZTb2GF#HaIg/g)C\<8&j[`+t;,,["E=F1&X*a01N8<4[LIm/P_pCot2/0IC.)oSj._("coF2dIQ`:iF8[O-P\%B=i^:';T`\aUK$ZV9Toj467%Rg$K5MZ^iJa^Rof$U*0&N=.trmQG?>$*1qi,<?KsN;FfrfLFD;`\\GW!*i/;P]ja#2,n2Pp2*_M"&OjuWWD9EO#a1L5GQ,!;Lpt>OKoe=RD4!ODMIpKJs/r"*U?Q\b7pKa7`o2"&kKh-sR%[o@8SII8DC_i$-\6[F1rVkRBc?J$Gg[H55Npf?9n$$._C:P@<j5LWJ^#$bM^n9<;$OP\0Ka"s#gLbWXBl"$P")R_j!lH5^DCaO>Tb9g<5G6in#I\d$+Xu3ZI^4C]86k%"Y9DauH+VUPr:ecls.f11A7oZ+nI0R4E$-0\o;4ld>b#FtSZL2C$MSe[^Y=UHGS+Dsdi#n"j(op??4JMWD!Ln7fi],ro=__>mr=uWeFaC@d1>EPZZ,>L1U(E-)6I5`rI.m]^Q1UcgpR1&M^k3>0SJm:p=C[<U;Q_r,"V\9q0tPVr+220j#2q^^fLhUH!.mTi+.4tDt@E\D6r^%\l\"YB$^?Pn+@S\)G_%8E'A!APF6p`%g**&lPM20ZoO[=L94/h8A.\`a8/ZXn+e_3J%G5,f(Vm3FWCNq)#6Bl4B-u<)"+e6#(I'>U;EB2.,2>#*2igkrF)":=ZgHi_CGL<;TYV/2PluBI0(GW0WMJs89rI,DO[[-[B8;p20NAG[dGk4:U$@\Adtl^4Fg;OFmMr=mUC?+r/>T2=UZ^#e-XFH;Eh#@YKOB#X7=heR?tsp\?Dh,.%RS-h911m?afI9?_kF)\+IB&[Y;si+85B.K_P4;?UEki=f;T)k0YC74)aPb*2q6Cb[21>fDCt6$g(0ls-,U1iE5[oF=R0TmN1+JR#)GFM(THX#B`1*\C:@*0CoES?Dn<M/(X<E/DXH!cf2ooVU&'$$1Icc\d4N^_I_BW;dHk@*eQ+4-&eS)]hT\PT#>?#WLNY[q4:B-I!]4tf\()8r?j^")3-F[.eJo=7bVA9GTE\)?48i!-9Oo2g0?o,Z(Ais*\JWg&hKZ=XSJ".<%fY*`dN?mj8L)P1-CE6U=<;A>H!3P8Kk/t*'cOW\rA9pmP(JF\W36*P_/#W#(FVA"H3.Ma$/%#VW2iRM[Zd%m;O,0i[Eo*%$\4Mm-AYG_F9'!f@XbJSD'OfL"UV(pKo;RYM[:YIVScUC`jPE&LsIg;dde:p\<E7c#hIOnu/u34-euc#0P]MgHllW96n,0Xu]?uP]B^clbr(5O^PCUC%/d%g1](b:bEDs#IfQXk:,:%NDKqH%^`8>%^NEc:IqK+\A%F0I'9BT&hHuGB[2Wc0RBaME]p)hYSu/CQJ/)IP-4CEKB:Kh0Yn,hRm;7gn:$t_<7lK=r?$\bW9S4$g[I&YnsT7Mq+FGhPn$:Ipq.M2)bXo&)-igSW#+a3<j951BTnmPqKST60g?Pkm">p$;k",0Zr3iUd7@[Qloa7tH/.FmY>[YW%m3t.bgKUpjaNbM'Gou$,uU8&7<o$Y(9-o#p@m0qSF8A-pAFBKF?,RUZGgm"8gDsN9s4h]:^MOj?pgj'n)/54j:oD7#$q]0ZnI-\b.?&o;X.4f\,\:?+>WUN:MJA:Zb#>536IZ33V+S_7<pBTHc!<NV/8D?BG2k(/5hi:S(rTYEE&T,*[T6`k@0SH58@osn9sH=$H8PUO%p>QHk*I-'>'n5R!grZM[QMLB9fn:VF.8%;<2GG:^JA/6K]K1KBc^T9Yr!)^i3KIk<mut@ER)-4-]o4b!gtLf6Nm`RE?pXjmufk\<'<e\/b:.pJgRe9mO/_67#Slaf[Bt@!Cl,q38AV:[:[],P>'kro6DhmYuDDR8iJLeHkG&Q04@^3U`dW.$pnsLUQ1GL/bm>"abnpd'7IbC/\O'4ash0M0.@S#T$H@I<R:K\?CQ\q.hR\I0km.XbM$!>erV=cI,ko\SAf)F)bV6]@Tm6!CA(Xb7rTI4)o?7U&B3!IYG3jbL0Lg_^OX=3h0[d&t@EZ<s(SRV9g!D6Wrfa6otZk+GC1L1K.\88f5_X2B5gnJc2'.M+gS"M]u035B<>\Go<IFf#%X!@5[]AN]XmF?lMka5#S,+B3VsWOD[-NjamM",rEIQfJGYW7ObsY*)LuT+^j(BV4?=\n^Rog22(&`JEf(II=F)KPT0.eqBCJbH'faS_FU$qS,MOLV:-JE_4sE0mo4t#j_>p-4&96'hInd;*KS(BW:-"#f@^E_G/aDDL$r#"9VcWIiU'0[2&FdT.\XZlD!4if!p`]-;q5[<0684R]\q33rin4AHZBo7`]Q$TAdEOLaM$*h&Pdo6oRE00!Z)Uc=O.#A&fTeFSO\N1eRnoX>en]c-?D<')!u(fM6-\]As&BXqgRi8EIe.a&r'kX^c(gJ"h)`RlVSl)l+LS0ib)0Q=DFV[l=>XsWNh58'Y`IuIG;_pBs`Ni)+#X.5pH&joJQk2JLO&XJV;1A3uha7Ua'I@GguKdPZ'OgV(b:":hVsc@,E&K>DT`gomImK47W]C0IA5RNU1GfYg3E_He%sMKX1'Y@jt5LX1j560,tag]BdE$]'ljXPma13J'X=aO-i53":*ItqO.K?k7f-]p3o)hI<R/j.e,;N!CNf->T2_u/?J/*T&2YqIK-)@*ha48m9D=@5,e0s,'?-3[&m6n80kJjTTSkaof_,V'rM0A'CFO56KR4D[(b]c6`>YMRG8M/"J,k-eEeM&.Yg9fm++i8HW"_X1t>D_Q!6$WH"QTm%XgYiN9S+rVSMmg*O+iYYk&pNl]"DkODt*P*#F:r1dXZ55#8#J'3TkN1sqDiSCi;BGCZ8FoEgd:2N,:FY]9<>/!#&TY3o<=R7Q.3&TfC_`B%o(s.)2B1h<[7edhPjQm,K:PqY6J/@43pB]ZnIn**[nC%unhgXc+?lAVN_.u!laVA:ZY%Sug4%2jXjX;r.W7&Ybc`Hs$05.GcV?fd?`r7^<84h%:'1'!p]6)T#NWLVn2r6L5NH/BcT3O*bSHb3'a`F"9jBN3laQ*ZLJ^j;4NWU%0[@AL25Sk1uV2D.NG+HcP:[0<6:7V@k!2E^<`1\r)jI&iYiJ51jr9c:S(VELgG.%s$q('p0ZA9%HEhtR#U)Yi;KPJ0*EX/RZ#4qK555U(Z_00jIP%am.5+B62pof\I]ddfP^I?%2X2(tY$fs!j$dpN-F@%"XBB>75r:aoA\pe9V6Q$qLbq-FHhO;&IIYa?+<37k"25g0)N?hM*?PPlPU8nc_KkKcA.n[WLbNE!&j@#%*]M?#!f<"TDb#aI(jD\C]W`ku00NtPT1<^<B!T9uoK'`gWIZli+llhc-p2HGAdob@H,Tb9E7pLrZ&$hot[3DsSV.fb)r$'UOhJj#*Q<qcG>Odd%#K`L$MNlurL$#LU>1Fr>BV)7i[+?_*0!"^WRI=4nBSMdpecJot\a&5h;!"^VgErPq6\$/t1h[B,trQNFZG`m>JgOJOWIfKI8,tqJ!UQnP9Za.oVYAZ9A+E;Hk^kDZf#S8JZI46`"F+32bJ(Si<5o$kd!%)EV#^S4(":1:>Z:#Jp3Hc.i^.'SHIAQ?qf;g!Cq/rhe(paEY^bg(l81[^I=!1I/X&<'(kHnjA+U#s%3Y/+%!d2@Kf7'/rR@j2d!=:r)8uV*38)"<70F`$<Sn66;;0TCqe5rToUDCH6n#6OCkg@'+cZdQb:^N?6pS_<P"ag*7qRSHTPlZ(aKFGl'ml%mP0jL+B%RMJK.M#(.XPYHF-WL7XS2*1lBmYh;Ef@`16Wjl'>CD9`.0bXC8)mZ4cEjB6Fs!GW\:CI5Kh@`&7F.T5FUIKa*k0\uPRP*d0iJ8)l;T+9E(u\eCC<5K-e8cRDtic;,D8[VPeIt#3N[O+Z*0AOb"710IFbZnPZ7e>0XW@UZ^sD]A&7&,ZtW^a3hqp+,tq+I7rT$#(WjSXXN+)!WNQ`EUCm5D\i[>-Q+h/Dqu5+!6/Np</jKf00Nigb<gI$qkH)^@2"d+gF>W-[Ti6@EbPP3ekX=j6>8I.M=UNuR9mj]GW.]Wtp%r[NSe$Ea([UDPIS*OG),$p@Y8Sb<\X_(ReNDge:14=Y8[O1rJ\(==qPQ]Q:^L(OpLrZH""/t/B'LlK(0?(RHQ(\-Rcr8A^-h"8(@/N'^coK4(cJ9-\u5*^?%`tC@F>oSGBda*Su'tMBD@JK_+6U+1\Xmm8sl!kpK[+mRjj#LLD+A,.==pb;Q,95MPDSJO2sJdq>XV]3@(og#!um"N)i]S^)rELOF)G*ES7qsgsTnaca>rh:^L[cX.DQUI+Kc=cVn1&cpO!\-a4%U<C8\X)53M97>1I:p?fTK_F]2/*HbTM\Z_)e4X3om&fmWF[V#qC=2?Ys:6GE&C!nbfD)aBVG#EI314_kt;RfPD-qo"^?lR-MC7R\)rg4j.!akR_>59_C%YLaa1b,r3'\_%m[5"XUk%O'BOjU.NM,@u^f'OEn`<CoeQqXE%flO&M>ZF!aUr-U*.rAB8YRTb/=qt"bQ[]e?&3Ut!*QQO[pZg)^S6s;^NlI^Fh[q=]/U`[\DI76;op)dR@H?]!ZX?QVie9Gdh4F3=mF*MS;oX,ZFUAp$DW@IH#aN3VM6G5-j*^1_,(6!^Q_qLF<ng5W4'nkC:62C>]4#^/m:8KTS&,?*q:P,7Nhc+,$#Ib2LH;+AfFkBp/UH94Vl%0`df!sHV/bBeG\6&12:@>BM:D9IAEB7H:gR/3!-t?p>4F_;m4c.DW!%9ge+;apBDkS<EH7^Hb=&f!R<pG3FZd2Q97b)[b1VmA2I<U^iI]MR=@Oh$nLK<mYH(&4+bWYuBo,nt(Hl\+?WS=fg_W9";AfcO*O9J2dE1o8Kb!;1(`$kC6/ojKpZ5BJrNY_`=4sgT5U06[NphY207pW"7L0j36oO4EX=HUuT'l$"O'm&j>]?2ZYT7jUVc!gCiSM^C0A[CEHp+rg,?.#+*T(Ed^#cN:o>VP\T8@\WY$qWqp7r<J;B"Yt)^J_u[8,b\oeN6>I`N<B;Aj=/oi7pn8pE.smqW7<?!/G[/RPBk]"bO60heB`I!Ioo;6&84;jt-tp\^E$"f5?[ctT_(Og.k<KGgU#.Y/3QU!O*L:$=)h3AAF6Oi7ga#Jm]G.8?qZ*oLKZ<s]%eg5he^ZXHbBDgu`Thr?3+.?1bh*86'<TU]'sq4=WT*`UF,Uim>;Y\a&#6Kig"'%rdOa7"a\f.m&jO(dEF.>V4>Abpc/c?BS3dZ%mC$^Eu2K4^Fp<RnOm-Zg4];Oe%9=AJ$G6E'52Va&0dRF68])S#N*[9H9fU`M(rVE^u#Cms'06:)u;<6'2GOTVMF"5;S?_/cE!)YZ:tm0V5`P7<fa#0KCf$m[h2r?UK4)$AuU/=l%ORu7YILGY\;W88+)o4[6f.4k+%Om'Lo3cCXFrn)eO`/A_q`&?pDYNOt9V\9N(lNT!NUio$Qa^?!q-ac2W9]ahJTb;%O,;eQITbcjcc[@=o;=_t[G?:ZZNkR;1:FT+n2OC7#2>9i#B:IQJQW\WqmFh]do0h<K4OHF)o(Xr5&f=\?W$tIOoI9I$!9%AXIgg1ZaFl2lX:d\YCo0?[mkI5So%0elk#0[h-tUQae]f=nH<\H>Hu?U$n0(Hj*m,r(LP/9-Z5oWKh)'99)/ASDlN)**2B>NNEnm56:sW3_3c&H(6SV!Abl@H.QJSRi`g`jO'o@rODM5"XSaZ#eb'g9+(':7q67(!s8Tf^DajaBi#aSm%A2Sm3S],RDY;e--<:/59moA?`''@m!HYTbE'Z;W@jGS]7UQ&-nNQ[!iG@q_U6C8/t1U=3F%%/DH-7RO_-2jJBT_FJnD19i=`X^$+XQ*e2+I16p]7Fd6k\Q!9K]i.c+U"UF++;AI4qt`=OoMp8D0Uagqf@-,lL?9UP\4-fe,)$iO9c6igh'nH^`EAY^,VrEeCik5X_1Gth)F)'fC?Mb8A$Kc0jJ&(IJn!r/"ah>;GXX&US>'q["G2=K2;k2kLGATj[+*QMU5MJ4'=MIK/Fp\9u)].`=P(20k=ndcXhaMl(*q/E9f;l,HL9U?<6#O_Y!mepGBUe@f;%Cq)O@32i@`,$k4Shmd:VX,/A%#diC+%I\6Ig==7;h)R<KF+1Lt6eZOf?nNt*i/Y'hh0H\+)h,R5VPs@\WU#h)".m9Ab'K[m6ltkJeRBp]l(SBDDShBTol-k3KeY[d_#^R(M_jILhU8&))iI^II^rg8<\*]3c/\DFcb)TZci1<OP`gYuAPb]-O6CY?fi3Z`;Jn2R_.S.MTWgAT*8`@2W=tp;J5k?A<Rqrq"MMs\81X>qlkAjc!*KHsK,bu;'\uqB=J\c*^l++#j]MJpABBYm/2qsP%-T[TX$C3>$(D;nc#J1HY/heR8FVBZG+]JN^-bi).gsO8uX,\I>J$!4bA3,ZIV5(NskMf/=(Hp4YDNh=bO&-.)ET/#&G'c+n6O9"$b\Dc/Wp`sMrlPr1`0'(DKm'[u'tnWr:T+CWli\mEGiDqqb//]&YqTpt:_Jtkmk@(>qI>TLLD5@=ek?5lf0'=bMtm[E5duL!!O=s$6OOg+PA;WEl.#INb_:^6HjOhmg_pd&hjUOkO3;d!#GDdonAMfWL35@RB8n'\,ZmgB;ldVopE[00&B==B@+fNA+jLWbW!%E#PgM]'oIrh@h$TJ5Rs&&4H<Z%On=B:cgt+)V!^-l<]ci%d$hPQTTY@rU-l7`LKaY`&FghFK:^NrFq+6"AdK2Q;)@WmbXTU]D5UffY'.Dm\'ql725jG,0(?f1C_/cM3-;iZo_ttQt+^q[-;Qst;=HM^.>@W=Y+K^ZAb/)>ZQr36hq<O/d4h1q,K&oB&jdfdn+dn)]"aPAW&L`?*+?c]a<a)/OZ%e7b_/pdG[">,E*RknJnA.p'j]5Tq[,2tmQ$Xp58g*Lr:Ptp4(?f2Nqd&D.LZspOV(qsZC`$<sLA-)R'\p\nGrqc!r_YST7s_#ibC.P'H*@R>5f-D<XgC>(;[=>3qsKDP9r#EiL\Q]k;;.?:QC$?@AF1M0g[8XM7@/-9gVH3R#aI[O-b7_r.kT,cAG3\rMC!(4UV:[+KnQ;N-kuB-E6m=Y=DrbHqgE,_7^)Q5*<W,<N_g#a4*[ZB!Y=%i:`W4`Cu!M5-W/Kr\7!d^$OQhE_Y/Vl5>7b&]Za'%hfiMfdb5$6Pq]k7gH'LuqKCmE_Gp9G\-RdYO%c=_?Y;h[[mNP#R2k%)f+RK/2LgDg8k(DI$N%fUWE`OjW._FIg_O&m=%l>:Aa90O16,m.ac'W7'jsq=l]o'\:P`+HI(t0!I@[JoeM+DT^5c)1SOBE0Om)COl-d6Yn=NJ<9cV!Z&2'"ROZ0Nbn&9WU;m#@79o3/oq@Fjb]uUc=kEKR/KO`c#3(iT9:SAjE!=\Cl[eTBZ?XMlDSFuCA*[:_Jp;tY^chGV.rZ:dX\PbF9FN?[Y?S>A1#?9<Yo6Lo>rB,QmmHHUc7@8H[[:ucYgHfMZbE;8bX4RmtC)io[7OUKXSb1Eo=ZO#XWK(TC5G.&@oDEa*AA3.\De"U9*W"fPii(\VnB1(n4P'2i_!>[?!8AH$Z?Ea*)Ya'$]8>o_WJ2!7@GG2]oXRF?Tj1)DFNVKXaih?'H'Z30c<k2t$(1&G!#\/bC;b68Jlikd5)nNAB_B#sa*%ip2%qSqA$?AY@5ad^Y_qgUiM$BrIA[A!Q62c+pA".f0'Td!E0C'mViUk]+a6!691QD#o=d7H@i?AK!V9anFfO6]#en_:^*XF7/(Sda(D:VpJu!I8HgMsBj%j/HQmK?DL/H(%mZg2=K^#&'Y']Hl0B/`@J7eN:P8Gno`dg&k5^3\XcTel?UlhdsofV-3kBW-][uB;'Lh&a;?l&).EI@68@`(8(p0M>s&topbgc>2We&O[l!eO0.St"$g:YFX#R;IY?9j$1m3'YGJho>\&)9HX+N].acIZF)Jg2Oi0DUmiHpeQ3Chph\DfEP)TfXF)bpKQg"KM#Wn')Ijc1M(Iq9Ko-,A&,>i:B;^-Y^'.:,/X%B!HgK<ID"nMLWt7k?eU/@5mWak^(X4C^Ab.1O+1[T2uir38f2H=SE4ZtPd6?s0T8m2!3k)LM?&f`Sb9IDTZ;ig!3hfP8k<'3$q=UMV%!*1gf"R\!:43k'%.5Ro,\!Fn4G84!-!aV8k:a7L/m-Jj$W[3p1fg)!.[t+<'kn^1'G^C4U0'E-m\inV&61boE&S@Tfh^^1T^?Y!'k6f.Nt?JH(%!k%#e'c!)VA[ML^Nf\9\)I/:YA/lhB;&$#Ipjf'fA$2O5eV#64`j-)</Haq3XZnj"!XeD!)Z/U@\d+[fYuYOb0)j[.Dr!2'\n<&.$jR!TW:jgJ1gHBZ)ZH,*[/&14#^?Umab&h0-uq=hVQ3WK-k.cG?Fqq$BQGE]euL\E+tAt8#[3(mmpE[,tPHYnOP!!%[E(djsdj_oWJpa<QHCRMq$L-Ok;CK9qH_Lal.ZblUWm-Bnj<*eYDla>:E!.[lPLVqtop2s6&A$"[*QheFS,R!36=p=s,F]bSt.=0X^n!M)G(g*:5!.`ccViiJi<<W?llEB)p]2]7>!7YTV/!CTI?2^+QpqjC>!!&$kUlq]39)1Ep?3($;.\WTI,5B$^<r`5R8uU^B,06'qTR<^U!!!Q[Tt:'<^],d54jaZ<!"^WRU*"m\FmA^"Y!\l[lhB;f=p"a)67#SiTD8/qF<;e/!(&!]GCSV'EhNd>!$G6-IIi;EmmS9G?`SVU!8?q5,%(b,r8lOor9[i)%@!GS#lm5+N)VPIF+Fr(!/*tCCMM1n'IWt^&1XA>;gOtTV*G=eJ5?QsRSVj'L?D?==Hj$jJ1gen#T1/qJ,+3oJT@$jSp1_k!!$:\;TTW3IHp,BIm">k!<D>9O\2KYXGc^eVRt]`@K6E)@\f/9R#g_uL&34c$'YDioZ]oQU\<_$^RjM)-R8I[bO"QYj@\e@!0Dg$'EJjQQF$MV7K,=inCIpjP&KnF\Q#=(!!ni4>a>uiR9[Za\Pe'qLlTMa!OZl?%e$lD:$%GVrU?82A#`$O!=4t;<$rnaLHWgfO5kS%6KdW^hYC<Q/RW,0hlH\Bq459LPooI$2Z,Suq:kS5^L$&po11G51s\=M9MXHDfSfe_@cns=bHO>"4R;2#,N2KBbP_%\_E5QSF`iY6.;HF.q\#TNYO^:>lt_,J#nmZ6+irKXPJTmR.>34s5PoeR<`;>0$n%Lin^"[>49.(f0H']r+7Ab9Y4B>WjS@1/Pq_$E\W1*:H0:tXMZInj.O4kobm?g`"G$#fT)J9?EsS4CWjh6D#aN1a@<7]^S^IQ>K=<]okL9Q&7sS5+pN&cU:^I-;fRdW>O]O82DEl$AW!&.O]cmFVR"Q"rkB?tRa*D%]pIdr-:^I+%lkQE.h[P[Jr,nu\QkIkT!<AdAY^@._(=0=j$hGs8$:6$=!)OtDL=P-D6A3H9r=o;4!21#*!.aL*rX.#V++O*/QG:]<r(+?\B&1:Hr9$(^fse"F0"]hlJ^i;aTSuqA)7<1ghVHLmXDPoEEju#'`p[s&@Ms'tdldW[HL#WRM=7@sob"WXm@Li=N^`QA^YZ>[erE0(p9cIEHB-apBqs@Pj3tTaICeP#mG2:%H>DCoKm99);Zm(jTCg%erf0b&5,"a"PJ>s4I1jf6kraHB>%1^QkIq8W;5R9Ys5'dsSXV9j<)hYe]>#]rO,Jn1j26nl%V<2Ld'7k^^WoI$;^eD0SW7Us0&a,XD?]r*2BAlW14_!b_9I0a3Ug>2k-*B2FQ.(`DQ'&j*UWDt^-++gh?UpdHa0=jrZlu1p5dZ)Fg0O`QX/tt9ssElm=*[U/fUr[!5'lY=XUIk4=ehI^Dr/lq0lNaL[J6rf/B9"2BE*)%G'-BSR["/Ao.1A=c%V@lL+VRA(9)?TN3'SB\ugN[nl%u=11kiYt_;T#/NhV5dMK_Z9i3_H$JGcB3@,XPW3YiQgBN=Z',`Jr^Hg)6O2hP`4q`/l3(,Bp@B:JjJ'NcS.u1h2^SLkFbT<,IQhkPT&p"GU<:PHrpua3FDSF7)=]dfVQnU!<M?0GMs^1?XRAU&G#n?Y?c92"QV\KJAEBE1GS7dKH2`51ir6K,g](Q`Dp58BL2F%:>.K&'@G^&ubJ1qtCa54*7JX]F&^.b#RJl$*m393Go&'%"?K>3I:jscLp8]#"]MS:-k:qYGmb%9r%IH6$J'Z.N^XK&T_Ij.>"6#hDJGt7docN_(EnsJqppV=pFQ2_34Pn&XdJJ;R[R44T*A%KT@lqKL&foe(2*4s7N':4BUXLIA`,1?Or)=ilh<jQ`%fCI/G'4eY=l$N4dc5e";Y0M+ir6Kl5&V>JCUMl?.cPI/h%@]%&'#XtNtfIWVZV(t7[_N\IeCA9Y=NQbBFL-GI&DV;6%hi1G.T@=lunr4_b'a:J^8h[050\iaaD`+LUg%?He7HJ]e:l?b'+;JRd5tpS@9erh<`5/33UbUhs)JY:2o)QM.,SS@,La"5M2"rosi"Sh65PH'+,B(7tuierTnf*?XpOJY$26tT8q^1;S:rWilLSq2YD2p9Rd4Zf&hFkO*`pHo0)%Z"M;tpmT%q61FocP^7@SIMkR695.L4Zq60O7?LA$5.NO;"'fscCK'E.7S[RiIobGX5rFX2X*&S16i4P_A69)Y[Z[JoaqtM/gf3=q[qgPcqH\1)HT(Wi3bM,_sM;KVlSe_0m0]d4UZLdcucf]366/:#Ajp_IO2YPUhXa8W9n,5EB^)>mX<"SP:Z@@nmSq];,(^T:fKSHeIJ)A5*k?7<\p:g5toP[(N>a:hFIqW1>3YosN>XWhd_$Ju2"8gUmIYZIEi-R]cqnC77.ICC1R/;9W0e+0HQeVDVecJ$rj7b<$.9$@Bg?kTQ3FX[eIV_N(.ps'6rgji%N^^IU0)jV3K$Q)R[,V%e:g'LP4KnPS]/hIKMOib$&/NFP*s!O>b@UZUD[V0H/<')K]I.^VrF0>!cd)tcr+9B0gOenb3nlg?\@Leei]t&Hn%!ZSb2KY!rYJf=r^?nI1:6:Iqs#fkelT,HGMOp#)ZS^<Jph-15W[Ya_\):Je^.-:6(pBpIC5tY(Yt:dLunT<TRC+d@ptp*g:)hQJ;W+[U7g@$a4CPJL9Hqjp8]qV=C&p#[`[$=[cdFp-tn7VXYs%#W]E9ur=tu8Tn=%@$_\fShU@lA'/9-6V:C-6Gd=6R>I4CXZ=51j]*#HZH2j(ke'3&icb`1;ClQs3$NCY1F]N!;/#o@W?+6<*%e-Wo[!+naIa:LfS^4XpM;+r,4bPM7BG$a'q-djWHWe+Y&)k,b3-6l_C]>pmg<U,KX(^BMH@#>uUNKikC*0/+T,cM0<j?Mu(*!]dRg'fq40C\O<7e$bh;>bUIh&'7>nK(:q\#DG\uX*5Pe@VEpVBja:^KCd'Bd*V167udU(5::6*OL)4%A-$\1@n(kIWp-cb3h"3mMA.rr8_==ml+]U,%$mToRtDF>dbP2jpDcm7!H>N^*-8T]85ne(2D!c3cUhY:G'W548ka<>k=a*T5NQj`Om+^,Iq(FkucI]=8rQ(PMS,P%D>`F"D]>ihFJua5Y(0@/6OnO"IpsFZFu1#`%cHYKtMj66uX!#0U'_3usfNlE1fpRu/6Loq'J_$8K.R4S,!^k,Q7>fB9g(e(NR-TjLd3$N@WR[^>;`Y/!ornI)Vn]W,*-O7un@(qWialCt4/T#>uJZR4FN6M?,.WlLhm"Td_dm4T(GNEuG0X?ukcEF*VCj7Pt;V8jH?,lk&jAjRkS>nA!VStKHBq#$kZn[Lp+GueBbokoP1>pZ;cl*7ia@p(PY]rbC#S&L`^]&-L,g%4%Wf(aC"b3QEDcrj+PH<REI`NJb](d5L1gS(cq^MjPB"lZE*B\VjE"%gm/KSL$*ch"6rU>SRcS_JaEk1gh]W!&c!2[)M7Ud@T>k(q%fgf+Ot7@i5?MB1$4*M'=4^Z0K5\CoCEXSY,hFi>KS7E9g`LtUt;ZJT6>IBXe@Zu6_.f@('M[*2(m=[>#?I20uTL>(b'.E(h</g>sYgT#nPDfU>&;:/@pYjg)a[\kq1&$*GHUnMJ`aO@aEDU6IMa5""!oE^BNh<C3p;&)#O3l)uX]e12l6HAK<Nplm"X#A\<Dee3H=#c-h/e6.?8'k66>n8I`rf`3U(<5Q]:RG=Ogm>cLJNY]5pMadh,EB96$0#NW7;"^)n"c^kFY7mf?dfgQG0P%Ec/LQgp.J_!7B8S,^CU(\0!_[iCTK:E8cTd9Xq6Oe.s?BbW-VqQ\>/(Cht-G`Il9um]FE2\]CR&\cX#u&]G<(GF&OemcEcRJhO&H<5)Q5p]kI4_:E+%%6gc)S('OAqJtKg"It#)ks$&]o?KVcQZP8I5D1q\]rE0])Rgc\P%3N>`'Ga%dHFE3Q<Sqam/C`q=RZD,++f<!UUsX0f2@s,Rl0tc(L5K9-j.-R@'\k4I).C2T]o2='gst@I1c;N)co7FZdjti$.spYi]/n#eO)?DVa)4%j<C#_!>]a*Br1.^U*XgYLN7b4L^+.Nb_R.sFR2RST!\jN^^oBl&f[]fO257PF?ErU_E-^[1+.!DEOFjL5R#\1p&,`0>>4ZSf=?ag?/qA&B>f6OQAmYBics%3;8jr_F>`bds#O?6O5e,U<7^bE'R(hsufQ9=1(TMYdm@m+5b]j!@qZ2)pFi!TY2W3j>qafDQj*`)0\;-/j08@YMM=Q.Y\"O=%/Vh;.PlPNO\tTl:Wktr"joer]DtcsZ%3m<'GQ'3g?Tm4=9.dXio)3`eA&k<.BA</6'hf&fZRTS^s*)A$=<[F\8=E7Tq=[+tT<TlW#Vgj08c/4)8)'Yk^pQ=g(B`<mM`T$)[)%@/T4R\n_"Jcog:1dDo&B1%KZf_P2Ml&O!cId_f@ec&1Dp0;PlPMXWR.V_j.;lGND@?j?sC'0A'PFukg#8mnF,X;%9tj^4VR@jiVG_f<+aUhT6(bCjqZ'OZ[XM5Icf=T[f2omh9eimD)nJAS/.?%=!@I=4e\f'>s4o1aYjk$(!^1FI`jEk\_-MKB7'>:KLu4oF=:/nSXWoUeRKZIrNKm(ma)[#]7FqQF!Z#6`5`*Dh.<It(-R1pLf:=2VAZf_/8qSrQ][_</=T#oo_d!an!XmDl."=rdoH,^+.>A/Xa7/=VFN(Z4i6HZL&LhUanflu>_X+D(YSckI@f^F#aGCS[qdg<[:d=6?(H]F&V92JAk-U@j6s]UJW8E)G,UU1nA+WK;deWclIh2<.C3l`.t#su/c4aNmC@ae5,!CG<uJ27[_^Q!iSf0bF+:d]G;$P?30>4?Z?Y-R5.9Y%6-G;*oguUh!oIibqf>iZVPI7uN>Er`ADN7',#eW&:CKuun#7cTa`q.Po0Wb,<u=([)H[OV2]_ED;d]9IT<j+ZrL9%(=A,3fgS/Z=_8pE>j("ZV@,F("#[B;7lRhHF])puu4X&g^j`\#S0l?.A^>N6n;4Hk9H(CLRILK)c!n=P'pZF[aac@)t`YIkk6D[Kb5Y5#l3bt2un7#1kA6,DQI'Vr,bB@cI"iBl4gsjr(TCquH:A:=p39LAQ6oP9Xi2Ynb/IM#$3gbBNB:qAdZZ#:$C0*nc?;0X4l>-$riHG%Y\5jmu`O>DTa8]mqjECFlB18HM;U@)NT3jGQ3BK`o'>4k5hmrnV,lh;s.X%W)l?9d#k,T-h1DW+]mp2>uLd1JSgHA06./U*VJq.'?lKd$ifJs+Ya0mQM4p19(Sdt5b^tMgd\3"Ub,ffI^'XY7Y@gnYX?khuIb:8Fim('WG[:A))qgI5FVd("ETp(er8(hD"F[:;fWVJ^G=1j(QY2Jp+=u<5Bf^ui8rHVOB2cg=RH9W-tHA"n@l%R825.l/JB.A",_fN>nid9-,970dM?Y``Y$6@Ymqc:t"6/Y*rTO!o^r,4W&%K&nf&Xl><VMq)GU&]-Q6@IOLh0>RU<F6n!G2?Tp$-B"G?>P,;.g514LR2q2_oo;I;_FBXVlY-sh.;RQql4$gXg9)ilaBOg%*+QV&ZeV%3'DBB+WdP=b'RKb59u3-rGecq+8GbVc2-jEJ)9P8H[]M_`Mdut/D:clb.IH4OOF.UgHGL[WEV(ch^JVWg*b14g#8o&iIlIMI[nI3rqf)U5>*`&Ld)mC5e`;MZZZ3$6_Aj*Fh1`Br-UR!46=6??Wlpt?""Z,J(:Kq=kpHL"6C6^C=i*YLU"KMs8H#GR.m<#rP'A&rTKV=,A`>ln#O3'r%<Kepj`%u^YNuW(NK,eZ=3'Fc]>0fkO)Lrl0%iP]=,=NGrE$JDXL6t>Ym?M"7>/)hq$C:\*68'pqcRr.ZVG[2>;kjp=/'GS[S-2h!Rn+H*HVkbS';QF"Fn^ANVJ_/:(-)6)9*\mEkS7ULIlhr^D]:*=M3$lQu;gU1;[.IB)f.il-H>MW^t2[Z5^"p=h\+htD'Kp<LX4P7m&SM_:kkF1`S/!C3^J,s%353tN3>IlMNone:f;T$H,*<c+O_b;q$?d.,;gj*&a]Q+]u[Al%Tf<lZD+ddq=&PSHu,XBJ@`pXPYJ1q]sZ;RF-DXSh@bZO3><a?Mc@e(-EUSl8s$G>lh1[W,/':i8>Q#EAu2[KGXBrbte4"t(_Nc=s^sZno.O=]TpDXm31TU>uZnAXm;]="I[b*G4=1I*p<GC#?XPH0<&[Z0/)R*]A+F\.pEI_t7#\FG(.RUT4(W`05*&QlLJAai0C5k+ZQj<>N/j>N>IE$GG-lB;&<[la)_lp(>$^ZD!0tIC-DU\L]h:];P"]#O:YmLYq:SLje7@T'uG0X)LpPcgdaudAba<ep#)Cdt@#^a-OpZ*&F1.\DK2aMngf[1I<D',ctjP\AQXJWC.9^/dN%N?k6uVNUUj-*8?>)ZQa8NKe?iTHWBPs<_%&bVXsNHaNdfS$e'e"b[6Ek$jU.n?IaBG\(]O[nboZuTfq6onm]eNU;^9d?&#;f5Lp9!-`J2G[R*Qf+Hq<SA]O[h=J4p2A(/=.a1lt(bP1B^FH>Q.[Y%T"@(<*IT`3()AbOHL?D1:3Y-*MY5"1ONfE`l#0KQIPEco4#7hqQ]kl>VhF*ViN4aoIVqg%n]7u=mYnek1"NY7t(;R2=klRI;]a0Mae`d?q;\nl=XhtC]Ra6te0%R5%(2SM@e8$6[=ob`F/afrJ8qWolid8n:Bf(!@ambSaaVQSg`Z#'[=<]5D6BoTQBFs(VW<,)A:a.d2Og>uon_qVd"GelP&Y@9KE4R[I^II-dqIGHU3jM&?NCjMNjSk60/rk;IAoY/!2pm1FHB-m;/n6)CD^2\M`Zf3/lO"5ZKC\o,=-,AG*AK4"IHNO5E6e,^4.adLqHU;)K&SqYXQa;:(cY@,6SCf:H\WUOYotIK/Vq1#(Ch"jiAQY(:7pETl69Er0+#HtE"m+U^r`'X^mfrG*.q0lU/F;@5?Ed=P(SBZ6,ZFhA2H0arA&`ffc\7Ap?/<7Sic6Uc.Y7<'V\0!&rSTKTG!BsFQ-o\d8cSkb"j/Odo3M(9l(>0856_CY!!#@GC!eEAEP[f6fg"qHrNb^pdK@MI#=SUmE0N&YFe/iZAbL83b]WXR6gKY24hYNLeRnlU&cc=Lk',Ym\Z#(4%Y3&srX&X%e"0&UljK$c,mO^@!!!.56fg(Q4V0#m0f&\BTY=Fm-uSVfB:+eM/ArW[q).O5&$t)MnU/Pf2cb3@e["-.$ig8-zzzzzzzzzzzzzzzzzzzzzzzzzzzzzzzzzzzzzzzzzzzzzzzzzzzzzzzzzzzzzzzzzzzzzzzzzzzzzzzzzzzzzz!5LPmIfT`RD(FLK2B'_\z8OZBBY!QNJ~>]]>
  </resource>
</document>
